Using pre-set license
Built from '2020.2/staging' branch; Version is '2020.2.3f1 (8ff31bc5bf5b) revision 9433883'; Using compiler version '192528614'; Build Type 'Release'
OS: 'Windows 10 Home; OS build 19042.746; Version 2009; 64bit' Language: 'fr' Physical Memory: 16333 MB
BatchMode: 1, IsHumanControllingUs: 0, StartBugReporterOnCrash: 0, Is64bit: 1, IsPro: 0

 COMMAND LINE ARGUMENTS:
C:\Program Files\Unity\Hub\Editor\2020.2.3f1\Editor\Unity.exe
-adb2
-batchMode
-noUpm
-name
AssetImportWorker1
-projectPath
D:/Créations/Games/SunKun
-logFile
Logs/AssetImportWorker1.log
-srvPort
56726
Successfully changed project path to: D:/Créations/Games/SunKun
D:/Créations/Games/SunKun
Using Asset Import Pipeline V2.
Refreshing native plugins compatible for Editor in 31.75 ms, found 0 plugins.
Preloading 0 native plugins for Editor in 0.00 ms.
Initialize engine version: 2020.2.3f1 (8ff31bc5bf5b)
[Subsystems] Discovering subsystems at path C:/Program Files/Unity/Hub/Editor/2020.2.3f1/Editor/Data/Resources/UnitySubsystems
[Subsystems] Discovering subsystems at path D:/Créations/Games/SunKun/Assets
GfxDevice: creating device client; threaded=0
Direct3D:
    Version:  Direct3D 11.0 [level 11.1]
    Renderer: NVIDIA GeForce RTX 2060 (ID=0x1e89)
    Vendor:   
    VRAM:     5967 MB
    Driver:   27.21.14.5751
Initialize mono
Mono path[0] = 'C:/Program Files/Unity/Hub/Editor/2020.2.3f1/Editor/Data/Managed'
Mono path[1] = 'C:/Program Files/Unity/Hub/Editor/2020.2.3f1/Editor/Data/MonoBleedingEdge/lib/mono/unityjit'
Mono config path = 'C:/Program Files/Unity/Hub/Editor/2020.2.3f1/Editor/Data/MonoBleedingEdge/etc'
Using monoOptions --debugger-agent=transport=dt_socket,embedding=1,server=y,suspend=n,address=127.0.0.1:56244
Begin MonoManager ReloadAssembly
Registering precompiled unity dll's ...
Register platform support module: C:/Program Files/Unity/Hub/Editor/2020.2.3f1/Editor/Data/PlaybackEngines/WindowsStandaloneSupport/UnityEditor.WindowsStandalone.Extensions.dll
Registered in 0.002283 seconds.
Native extension for WindowsStandalone target not found
Refreshing native plugins compatible for Editor in 32.04 ms, found 0 plugins.
Preloading 0 native plugins for Editor in 0.00 ms.
Invoked RoslynAnalysisRunner static constructor.
RoslynAnalysisRunner will not be running.
RoslynAnalysisRunner has terminated.
Mono: successfully reloaded assembly
- Completed reload, in  2.944 seconds
Platform modules already initialized, skipping
Registering precompiled user dll's ...
Registered in 0.000619 seconds.
Begin MonoManager ReloadAssembly
Native extension for WindowsStandalone target not found
Refreshing native plugins compatible for Editor in 31.52 ms, found 0 plugins.
Preloading 0 native plugins for Editor in 0.00 ms.
Invoked RoslynAnalysisRunner static constructor.
RoslynAnalysisRunner will not be running.
RoslynAnalysisRunner has terminated.
Mono: successfully reloaded assembly
- Completed reload, in  1.011 seconds
Platform modules already initialized, skipping
========================================================================
Worker process is ready to serve import requests
Launched and connected shader compiler UnityShaderCompiler.exe after 0.05 seconds
Refreshing native plugins compatible for Editor in 0.33 ms, found 0 plugins.
Preloading 0 native plugins for Editor in 0.00 ms.
Unloading 1694 Unused Serialized files (Serialized files now loaded: 0)
System memory in use before: 81.0 MB.
System memory in use after: 81.1 MB.

Unloading 14 unused Assets to reduce memory usage. Loaded Objects now: 2143.
Total: 2.470300 ms (FindLiveObjects: 0.363000 ms CreateObjectMapping: 0.044800 ms MarkObjects: 1.986000 ms  DeleteObjects: 0.074400 ms)

========================================================================
Received Import Request.
  path: Assets/Prefabs/PlaceHolder/Closed Sprite Shape.prefab
  artifactKey: Guid(6df9b9a4a4969fc4dbbe2cfddd3b696b) Importer(815301076,1909f56bfc062723c751e8b465ee728b)
Start importing Assets/Prefabs/PlaceHolder/Closed Sprite Shape.prefab using Guid(6df9b9a4a4969fc4dbbe2cfddd3b696b) Importer(815301076,1909f56bfc062723c751e8b465ee728b)  -> (artifact id: '8c925e37187a67327e62f8d035a9c6e7') in 0.057850 seconds
  Import took 0.060888 seconds .

========================================================================
Received Import Request.
  Time since last request: 0.000242 seconds.
  path: Assets/Prefabs/PlaceHolder/Open Sprite Shape.prefab
  artifactKey: Guid(195f9d8c8e66af2428fa2162a15e42f9) Importer(815301076,1909f56bfc062723c751e8b465ee728b)
Start importing Assets/Prefabs/PlaceHolder/Open Sprite Shape.prefab using Guid(195f9d8c8e66af2428fa2162a15e42f9) Importer(815301076,1909f56bfc062723c751e8b465ee728b)  -> (artifact id: '46d1d4d6509da4dc1d5410de32991cec') in 0.009633 seconds
  Import took 0.012769 seconds .

========================================================================
Received Prepare
Registering precompiled user dll's ...
Registered in 0.000700 seconds.
Begin MonoManager ReloadAssembly
Native extension for WindowsStandalone target not found
Refreshing native plugins compatible for Editor in 0.28 ms, found 0 plugins.
Preloading 0 native plugins for Editor in 0.00 ms.
Invoked RoslynAnalysisRunner static constructor.
RoslynAnalysisRunner will not be running.
RoslynAnalysisRunner has terminated.
Mono: successfully reloaded assembly
- Completed reload, in  0.894 seconds
Platform modules already initialized, skipping
Refreshing native plugins compatible for Editor in 0.29 ms, found 0 plugins.
Preloading 0 native plugins for Editor in 0.00 ms.
Unloading 1684 Unused Serialized files (Serialized files now loaded: 0)
System memory in use before: 80.7 MB.
System memory in use after: 80.8 MB.

Unloading 5 unused Assets to reduce memory usage. Loaded Objects now: 2145.
Total: 1.795200 ms (FindLiveObjects: 0.233300 ms CreateObjectMapping: 0.038700 ms MarkObjects: 1.504700 ms  DeleteObjects: 0.016700 ms)

========================================================================
Received Import Request.
  Time since last request: 151.107740 seconds.
  path: Assets/Sprites/PlaceHolders/Walls.asset
  artifactKey: Guid(8aa2abb812ec76d4690e0d1bbd38e39e) Importer(815301076,1909f56bfc062723c751e8b465ee728b)
Start importing Assets/Sprites/PlaceHolders/Walls.asset using Guid(8aa2abb812ec76d4690e0d1bbd38e39e) Importer(815301076,1909f56bfc062723c751e8b465ee728b)  -> (artifact id: '03615afd77d29715a5885c9abd0095c1') in 0.021445 seconds
  Import took 0.024395 seconds .

========================================================================
Received Import Request.
  Time since last request: 0.003233 seconds.
  path: Assets/Sprites/PlaceHolders/Walls.asset
  artifactKey: Guid(8aa2abb812ec76d4690e0d1bbd38e39e) Importer(815301076,1909f56bfc062723c751e8b465ee728b)
Start importing Assets/Sprites/PlaceHolders/Walls.asset using Guid(8aa2abb812ec76d4690e0d1bbd38e39e) Importer(815301076,1909f56bfc062723c751e8b465ee728b)  -> (artifact id: '03615afd77d29715a5885c9abd0095c1') in 0.003126 seconds
  Import took 0.005948 seconds .

========================================================================
Received Import Request.
  Time since last request: 9.286979 seconds.
  path: Assets/Prefabs/PlaceHolder/Closed Sprite Shape.prefab
  artifactKey: Guid(6df9b9a4a4969fc4dbbe2cfddd3b696b) Importer(815301076,1909f56bfc062723c751e8b465ee728b)
Start importing Assets/Prefabs/PlaceHolder/Closed Sprite Shape.prefab using Guid(6df9b9a4a4969fc4dbbe2cfddd3b696b) Importer(815301076,1909f56bfc062723c751e8b465ee728b)  -> (artifact id: 'ca2b4dcaf209329b38f366a11f5a1b04') in 0.017670 seconds
  Import took 0.027070 seconds .

========================================================================
Received Import Request.
  Time since last request: 0.000228 seconds.
  path: Assets/Prefabs/PlaceHolder/Open Sprite Shape.prefab
  artifactKey: Guid(195f9d8c8e66af2428fa2162a15e42f9) Importer(815301076,1909f56bfc062723c751e8b465ee728b)
Start importing Assets/Prefabs/PlaceHolder/Open Sprite Shape.prefab using Guid(195f9d8c8e66af2428fa2162a15e42f9) Importer(815301076,1909f56bfc062723c751e8b465ee728b)  -> (artifact id: 'a2c6e877baa78cc439c879461f605c85') in 0.004417 seconds
  Import took 0.006997 seconds .

========================================================================
Received Prepare
Registering precompiled user dll's ...
Registered in 0.000688 seconds.
Begin MonoManager ReloadAssembly
Native extension for WindowsStandalone target not found
Refreshing native plugins compatible for Editor in 0.38 ms, found 0 plugins.
Preloading 0 native plugins for Editor in 0.00 ms.
Invoked RoslynAnalysisRunner static constructor.
RoslynAnalysisRunner will not be running.
RoslynAnalysisRunner has terminated.
Mono: successfully reloaded assembly
- Completed reload, in  0.891 seconds
Platform modules already initialized, skipping
Refreshing native plugins compatible for Editor in 0.29 ms, found 0 plugins.
Preloading 0 native plugins for Editor in 0.00 ms.
Unloading 1684 Unused Serialized files (Serialized files now loaded: 0)
System memory in use before: 80.7 MB.
System memory in use after: 80.8 MB.

Unloading 5 unused Assets to reduce memory usage. Loaded Objects now: 2147.
Total: 2.241300 ms (FindLiveObjects: 0.273300 ms CreateObjectMapping: 0.046400 ms MarkObjects: 1.898600 ms  DeleteObjects: 0.021400 ms)

========================================================================
Received Import Request.
  Time since last request: 44.421844 seconds.
  path: Assets/Sprites/PlaceHolders/Walls.asset
  artifactKey: Guid(8aa2abb812ec76d4690e0d1bbd38e39e) Importer(815301076,1909f56bfc062723c751e8b465ee728b)
Start importing Assets/Sprites/PlaceHolders/Walls.asset using Guid(8aa2abb812ec76d4690e0d1bbd38e39e) Importer(815301076,1909f56bfc062723c751e8b465ee728b)  -> (artifact id: 'e56ec1bc7399594c8f8952bf8c118505') in 0.019580 seconds
  Import took 0.035864 seconds .

========================================================================
Received Import Request.
  Time since last request: 23.460569 seconds.
  path: Assets/Sprites/PlaceHolders/Tiles/square.gif
  artifactKey: Guid(33b37b50b526dc34aa0f08a48d3c4ee9) Importer(815301076,1909f56bfc062723c751e8b465ee728b)
Start importing Assets/Sprites/PlaceHolders/Tiles/square.gif using Guid(33b37b50b526dc34aa0f08a48d3c4ee9) Importer(815301076,1909f56bfc062723c751e8b465ee728b)  -> (artifact id: 'c0401d8b2d6b545adddc627036ea7ea7') in 0.104751 seconds
  Import took 0.107797 seconds .

========================================================================
Received Import Request.
  Time since last request: 12.442243 seconds.
  path: Assets/Sprites/PlaceHolders/Tiles/square.gif
  artifactKey: Guid(33b37b50b526dc34aa0f08a48d3c4ee9) Importer(815301076,1909f56bfc062723c751e8b465ee728b)
Start importing Assets/Sprites/PlaceHolders/Tiles/square.gif using Guid(33b37b50b526dc34aa0f08a48d3c4ee9) Importer(815301076,1909f56bfc062723c751e8b465ee728b)  -> (artifact id: 'f3188b75be5336c69c55f767a16a5079') in 0.015990 seconds
  Import took 0.029338 seconds .

========================================================================
Received Import Request.
  Time since last request: 0.000412 seconds.
  path: Assets/Sprites/PlaceHolders/Tiles/square.gif
  artifactKey: Guid(33b37b50b526dc34aa0f08a48d3c4ee9) Importer(815301076,1909f56bfc062723c751e8b465ee728b)
Start importing Assets/Sprites/PlaceHolders/Tiles/square.gif using Guid(33b37b50b526dc34aa0f08a48d3c4ee9) Importer(815301076,1909f56bfc062723c751e8b465ee728b)  -> (artifact id: 'f3188b75be5336c69c55f767a16a5079') in 0.010387 seconds
  Import took 0.012946 seconds .

========================================================================
Received Import Request.
  Time since last request: 47.631702 seconds.
  path: Assets/Prefabs/PlaceHolder/Closed Sprite Shape.prefab
  artifactKey: Guid(6df9b9a4a4969fc4dbbe2cfddd3b696b) Importer(815301076,1909f56bfc062723c751e8b465ee728b)
Start importing Assets/Prefabs/PlaceHolder/Closed Sprite Shape.prefab using Guid(6df9b9a4a4969fc4dbbe2cfddd3b696b) Importer(815301076,1909f56bfc062723c751e8b465ee728b)  -> (artifact id: 'd752be0022e915521bae27fbd24b4378') in 0.011365 seconds
  Import took 0.014306 seconds .

========================================================================
Received Import Request.
  Time since last request: 0.012738 seconds.
  path: Assets/Prefabs/PlaceHolder/Closed Sprite Shape.prefab
  artifactKey: Guid(6df9b9a4a4969fc4dbbe2cfddd3b696b) Importer(815301076,1909f56bfc062723c751e8b465ee728b)
Start importing Assets/Prefabs/PlaceHolder/Closed Sprite Shape.prefab using Guid(6df9b9a4a4969fc4dbbe2cfddd3b696b) Importer(815301076,1909f56bfc062723c751e8b465ee728b)  -> (artifact id: 'd752be0022e915521bae27fbd24b4378') in 0.004789 seconds
  Import took 0.007773 seconds .

========================================================================
Received Import Request.
  Time since last request: 170.952764 seconds.
  path: Assets/Sprites/PlaceHolders/Tiles/square 1.gif
  artifactKey: Guid(831cf00384a32e648a1e770a485894b4) Importer(815301076,1909f56bfc062723c751e8b465ee728b)
Start importing Assets/Sprites/PlaceHolders/Tiles/square 1.gif using Guid(831cf00384a32e648a1e770a485894b4) Importer(815301076,1909f56bfc062723c751e8b465ee728b)  -> (artifact id: '5bcf9bcc98d09bce7b4c3f9e67154b4d') in 0.020208 seconds
  Import took 0.023954 seconds .

========================================================================
Received Import Request.
  Time since last request: 0.001412 seconds.
  path: Assets/Sprites/PlaceHolders/Tiles/square 1.gif
  artifactKey: Guid(831cf00384a32e648a1e770a485894b4) Importer(815301076,1909f56bfc062723c751e8b465ee728b)
Start importing Assets/Sprites/PlaceHolders/Tiles/square 1.gif using Guid(831cf00384a32e648a1e770a485894b4) Importer(815301076,1909f56bfc062723c751e8b465ee728b)  -> (artifact id: '5bcf9bcc98d09bce7b4c3f9e67154b4d') in 0.010023 seconds
  Import took 0.013481 seconds .

========================================================================
Received Import Request.
  Time since last request: 46.389614 seconds.
  path: Assets/Sprites/PlaceHolders/Tiles/square 1.gif
  artifactKey: Guid(831cf00384a32e648a1e770a485894b4) Importer(815301076,1909f56bfc062723c751e8b465ee728b)
Start importing Assets/Sprites/PlaceHolders/Tiles/square 1.gif using Guid(831cf00384a32e648a1e770a485894b4) Importer(815301076,1909f56bfc062723c751e8b465ee728b)  -> (artifact id: '54ec83298a5d4a571de22c6678471323') in 0.012528 seconds
  Import took 0.016200 seconds .

========================================================================
Received Import Request.
  Time since last request: 0.007484 seconds.
  path: Assets/Sprites/PlaceHolders/Tiles/square 1.gif
  artifactKey: Guid(831cf00384a32e648a1e770a485894b4) Importer(815301076,1909f56bfc062723c751e8b465ee728b)
Start importing Assets/Sprites/PlaceHolders/Tiles/square 1.gif using Guid(831cf00384a32e648a1e770a485894b4) Importer(815301076,1909f56bfc062723c751e8b465ee728b)  -> (artifact id: '54ec83298a5d4a571de22c6678471323') in 0.019960 seconds
  Import took 0.022918 seconds .

========================================================================
Received Import Request.
  Time since last request: 2.610407 seconds.
  path: Assets/Sprites/PlaceHolders/Walls.asset
  artifactKey: Guid(8aa2abb812ec76d4690e0d1bbd38e39e) Importer(815301076,1909f56bfc062723c751e8b465ee728b)
Start importing Assets/Sprites/PlaceHolders/Walls.asset using Guid(8aa2abb812ec76d4690e0d1bbd38e39e) Importer(815301076,1909f56bfc062723c751e8b465ee728b)  -> (artifact id: '2c026f6474260887264a3179dadabbe7') in 0.003235 seconds
  Import took 0.006289 seconds .

========================================================================
Received Import Request.
  Time since last request: 15.927268 seconds.
  path: Assets/Sprites/PlaceHolders/Walls.asset
  artifactKey: Guid(8aa2abb812ec76d4690e0d1bbd38e39e) Importer(815301076,1909f56bfc062723c751e8b465ee728b)
Start importing Assets/Sprites/PlaceHolders/Walls.asset using Guid(8aa2abb812ec76d4690e0d1bbd38e39e) Importer(815301076,1909f56bfc062723c751e8b465ee728b)  -> (artifact id: '95130732b8a43fff927dd95153dee2eb') in 0.004123 seconds
  Import took 0.007543 seconds .

========================================================================
Received Import Request.
  Time since last request: 0.016747 seconds.
  path: Assets/Sprites/PlaceHolders/Walls.asset
  artifactKey: Guid(8aa2abb812ec76d4690e0d1bbd38e39e) Importer(815301076,1909f56bfc062723c751e8b465ee728b)
Start importing Assets/Sprites/PlaceHolders/Walls.asset using Guid(8aa2abb812ec76d4690e0d1bbd38e39e) Importer(815301076,1909f56bfc062723c751e8b465ee728b)  -> (artifact id: '95130732b8a43fff927dd95153dee2eb') in 0.004195 seconds
  Import took 0.007494 seconds .

========================================================================
Received Prepare
Registering precompiled user dll's ...
Registered in 0.000854 seconds.
Begin MonoManager ReloadAssembly
Native extension for WindowsStandalone target not found
Refreshing native plugins compatible for Editor in 0.29 ms, found 0 plugins.
Preloading 0 native plugins for Editor in 0.00 ms.
Invoked RoslynAnalysisRunner static constructor.
RoslynAnalysisRunner will not be running.
RoslynAnalysisRunner has terminated.
Mono: successfully reloaded assembly
- Completed reload, in  0.891 seconds
Platform modules already initialized, skipping
Refreshing native plugins compatible for Editor in 0.39 ms, found 0 plugins.
Preloading 0 native plugins for Editor in 0.00 ms.
Unloading 1684 Unused Serialized files (Serialized files now loaded: 0)
System memory in use before: 83.8 MB.
System memory in use after: 83.9 MB.

Unloading 5 unused Assets to reduce memory usage. Loaded Objects now: 2155.
Total: 2.007000 ms (FindLiveObjects: 0.237300 ms CreateObjectMapping: 0.041000 ms MarkObjects: 1.707700 ms  DeleteObjects: 0.020100 ms)

========================================================================
Received Prepare
Registering precompiled user dll's ...
Registered in 0.000672 seconds.
Begin MonoManager ReloadAssembly
Native extension for WindowsStandalone target not found
Refreshing native plugins compatible for Editor in 0.41 ms, found 0 plugins.
Preloading 0 native plugins for Editor in 0.00 ms.
Invoked RoslynAnalysisRunner static constructor.
RoslynAnalysisRunner will not be running.
RoslynAnalysisRunner has terminated.
Mono: successfully reloaded assembly
- Completed reload, in  0.905 seconds
Platform modules already initialized, skipping
Refreshing native plugins compatible for Editor in 0.28 ms, found 0 plugins.
Preloading 0 native plugins for Editor in 0.00 ms.
Unloading 1684 Unused Serialized files (Serialized files now loaded: 0)
System memory in use before: 83.8 MB.
System memory in use after: 83.9 MB.

Unloading 5 unused Assets to reduce memory usage. Loaded Objects now: 2157.
Total: 1.827400 ms (FindLiveObjects: 0.216000 ms CreateObjectMapping: 0.040600 ms MarkObjects: 1.554000 ms  DeleteObjects: 0.015900 ms)

========================================================================
Received Prepare
Registering precompiled user dll's ...
Registered in 0.000721 seconds.
Begin MonoManager ReloadAssembly
Native extension for WindowsStandalone target not found
Refreshing native plugins compatible for Editor in 0.40 ms, found 0 plugins.
Preloading 0 native plugins for Editor in 0.00 ms.
Invoked RoslynAnalysisRunner static constructor.
RoslynAnalysisRunner will not be running.
RoslynAnalysisRunner has terminated.
Mono: successfully reloaded assembly
- Completed reload, in  0.911 seconds
Platform modules already initialized, skipping
Refreshing native plugins compatible for Editor in 0.41 ms, found 0 plugins.
Preloading 0 native plugins for Editor in 0.00 ms.
Unloading 1684 Unused Serialized files (Serialized files now loaded: 0)
System memory in use before: 83.8 MB.
System memory in use after: 83.9 MB.

Unloading 5 unused Assets to reduce memory usage. Loaded Objects now: 2159.
Total: 2.119600 ms (FindLiveObjects: 0.219500 ms CreateObjectMapping: 0.041100 ms MarkObjects: 1.838300 ms  DeleteObjects: 0.019100 ms)

========================================================================
Received Prepare
Registering precompiled user dll's ...
Registered in 0.000763 seconds.
Begin MonoManager ReloadAssembly
Native extension for WindowsStandalone target not found
Refreshing native plugins compatible for Editor in 0.29 ms, found 0 plugins.
Preloading 0 native plugins for Editor in 0.00 ms.
Invoked RoslynAnalysisRunner static constructor.
RoslynAnalysisRunner will not be running.
RoslynAnalysisRunner has terminated.
Mono: successfully reloaded assembly
- Completed reload, in  0.908 seconds
Platform modules already initialized, skipping
Refreshing native plugins compatible for Editor in 0.29 ms, found 0 plugins.
Preloading 0 native plugins for Editor in 0.00 ms.
Unloading 1684 Unused Serialized files (Serialized files now loaded: 0)
System memory in use before: 83.8 MB.
System memory in use after: 83.9 MB.

Unloading 5 unused Assets to reduce memory usage. Loaded Objects now: 2161.
Total: 2.054300 ms (FindLiveObjects: 0.224200 ms CreateObjectMapping: 0.041600 ms MarkObjects: 1.770900 ms  DeleteObjects: 0.016600 ms)

========================================================================
Received Prepare
Registering precompiled user dll's ...
Registered in 0.000656 seconds.
Begin MonoManager ReloadAssembly
Native extension for WindowsStandalone target not found
Refreshing native plugins compatible for Editor in 0.29 ms, found 0 plugins.
Preloading 0 native plugins for Editor in 0.00 ms.
Invoked RoslynAnalysisRunner static constructor.
RoslynAnalysisRunner will not be running.
RoslynAnalysisRunner has terminated.
Mono: successfully reloaded assembly
- Completed reload, in  0.901 seconds
Platform modules already initialized, skipping
Refreshing native plugins compatible for Editor in 0.34 ms, found 0 plugins.
Preloading 0 native plugins for Editor in 0.00 ms.
Unloading 1684 Unused Serialized files (Serialized files now loaded: 0)
System memory in use before: 83.8 MB.
System memory in use after: 83.9 MB.

Unloading 5 unused Assets to reduce memory usage. Loaded Objects now: 2163.
Total: 2.434000 ms (FindLiveObjects: 0.237300 ms CreateObjectMapping: 0.045000 ms MarkObjects: 2.130500 ms  DeleteObjects: 0.020200 ms)

========================================================================
Received Prepare
Registering precompiled user dll's ...
Registered in 0.000883 seconds.
Begin MonoManager ReloadAssembly
Native extension for WindowsStandalone target not found
Refreshing native plugins compatible for Editor in 0.28 ms, found 0 plugins.
Preloading 0 native plugins for Editor in 0.00 ms.
Invoked RoslynAnalysisRunner static constructor.
RoslynAnalysisRunner will not be running.
RoslynAnalysisRunner has terminated.
Mono: successfully reloaded assembly
- Completed reload, in  0.968 seconds
Platform modules already initialized, skipping
Refreshing native plugins compatible for Editor in 0.29 ms, found 0 plugins.
Preloading 0 native plugins for Editor in 0.00 ms.
Unloading 1684 Unused Serialized files (Serialized files now loaded: 0)
System memory in use before: 83.8 MB.
System memory in use after: 83.9 MB.

Unloading 5 unused Assets to reduce memory usage. Loaded Objects now: 2165.
Total: 2.054200 ms (FindLiveObjects: 0.285100 ms CreateObjectMapping: 0.046300 ms MarkObjects: 1.702800 ms  DeleteObjects: 0.018300 ms)

========================================================================
Received Prepare
Registering precompiled user dll's ...
Registered in 0.000651 seconds.
Begin MonoManager ReloadAssembly
Native extension for WindowsStandalone target not found
Refreshing native plugins compatible for Editor in 0.42 ms, found 0 plugins.
Preloading 0 native plugins for Editor in 0.00 ms.
Invoked RoslynAnalysisRunner static constructor.
RoslynAnalysisRunner will not be running.
RoslynAnalysisRunner has terminated.
Mono: successfully reloaded assembly
- Completed reload, in  0.907 seconds
Platform modules already initialized, skipping
Refreshing native plugins compatible for Editor in 0.34 ms, found 0 plugins.
Preloading 0 native plugins for Editor in 0.00 ms.
Unloading 1684 Unused Serialized files (Serialized files now loaded: 0)
System memory in use before: 83.9 MB.
System memory in use after: 84.0 MB.

Unloading 5 unused Assets to reduce memory usage. Loaded Objects now: 2167.
Total: 1.898100 ms (FindLiveObjects: 0.250700 ms CreateObjectMapping: 0.038400 ms MarkObjects: 1.591700 ms  DeleteObjects: 0.016300 ms)

========================================================================
Received Prepare
Registering precompiled user dll's ...
Registered in 0.000815 seconds.
Begin MonoManager ReloadAssembly
Native extension for WindowsStandalone target not found
Refreshing native plugins compatible for Editor in 0.30 ms, found 0 plugins.
Preloading 0 native plugins for Editor in 0.00 ms.
Invoked RoslynAnalysisRunner static constructor.
RoslynAnalysisRunner will not be running.
RoslynAnalysisRunner has terminated.
Mono: successfully reloaded assembly
- Completed reload, in  0.892 seconds
Platform modules already initialized, skipping
Refreshing native plugins compatible for Editor in 0.63 ms, found 0 plugins.
Preloading 0 native plugins for Editor in 0.00 ms.
Unloading 1684 Unused Serialized files (Serialized files now loaded: 0)
System memory in use before: 83.9 MB.
System memory in use after: 84.0 MB.

Unloading 5 unused Assets to reduce memory usage. Loaded Objects now: 2169.
Total: 3.272500 ms (FindLiveObjects: 0.495300 ms CreateObjectMapping: 0.108100 ms MarkObjects: 2.643500 ms  DeleteObjects: 0.024100 ms)

========================================================================
Received Prepare
Registering precompiled user dll's ...
Registered in 0.000842 seconds.
Begin MonoManager ReloadAssembly
Native extension for WindowsStandalone target not found
Refreshing native plugins compatible for Editor in 0.28 ms, found 0 plugins.
Preloading 0 native plugins for Editor in 0.00 ms.
Invoked RoslynAnalysisRunner static constructor.
RoslynAnalysisRunner will not be running.
RoslynAnalysisRunner has terminated.
Mono: successfully reloaded assembly
- Completed reload, in  0.878 seconds
Platform modules already initialized, skipping
Refreshing native plugins compatible for Editor in 0.31 ms, found 0 plugins.
Preloading 0 native plugins for Editor in 0.00 ms.
Unloading 1684 Unused Serialized files (Serialized files now loaded: 0)
System memory in use before: 83.9 MB.
System memory in use after: 84.0 MB.

Unloading 5 unused Assets to reduce memory usage. Loaded Objects now: 2171.
Total: 2.237800 ms (FindLiveObjects: 0.293800 ms CreateObjectMapping: 0.045800 ms MarkObjects: 1.877100 ms  DeleteObjects: 0.018800 ms)

========================================================================
Received Prepare
Registering precompiled user dll's ...
Registered in 0.000707 seconds.
Begin MonoManager ReloadAssembly
Native extension for WindowsStandalone target not found
Refreshing native plugins compatible for Editor in 0.31 ms, found 0 plugins.
Preloading 0 native plugins for Editor in 0.00 ms.
Invoked RoslynAnalysisRunner static constructor.
RoslynAnalysisRunner will not be running.
RoslynAnalysisRunner has terminated.
Mono: successfully reloaded assembly
- Completed reload, in  0.958 seconds
Platform modules already initialized, skipping
Refreshing native plugins compatible for Editor in 0.44 ms, found 0 plugins.
Preloading 0 native plugins for Editor in 0.00 ms.
Unloading 1684 Unused Serialized files (Serialized files now loaded: 0)
System memory in use before: 83.9 MB.
System memory in use after: 84.0 MB.

Unloading 5 unused Assets to reduce memory usage. Loaded Objects now: 2173.
Total: 2.551500 ms (FindLiveObjects: 0.287500 ms CreateObjectMapping: 0.042400 ms MarkObjects: 2.202000 ms  DeleteObjects: 0.018500 ms)

========================================================================
Received Prepare
Registering precompiled user dll's ...
Registered in 0.000645 seconds.
Begin MonoManager ReloadAssembly
Native extension for WindowsStandalone target not found
Refreshing native plugins compatible for Editor in 0.29 ms, found 0 plugins.
Preloading 0 native plugins for Editor in 0.00 ms.
Invoked RoslynAnalysisRunner static constructor.
RoslynAnalysisRunner will not be running.
RoslynAnalysisRunner has terminated.
Mono: successfully reloaded assembly
- Completed reload, in  0.878 seconds
Platform modules already initialized, skipping
Refreshing native plugins compatible for Editor in 0.29 ms, found 0 plugins.
Preloading 0 native plugins for Editor in 0.00 ms.
Unloading 1684 Unused Serialized files (Serialized files now loaded: 0)
System memory in use before: 83.9 MB.
System memory in use after: 84.0 MB.

Unloading 5 unused Assets to reduce memory usage. Loaded Objects now: 2175.
Total: 2.181300 ms (FindLiveObjects: 0.337800 ms CreateObjectMapping: 0.044800 ms MarkObjects: 1.777100 ms  DeleteObjects: 0.020100 ms)

========================================================================
Received Prepare
Registering precompiled user dll's ...
Registered in 0.000951 seconds.
Begin MonoManager ReloadAssembly
Native extension for WindowsStandalone target not found
Refreshing native plugins compatible for Editor in 0.30 ms, found 0 plugins.
Preloading 0 native plugins for Editor in 0.00 ms.
Invoked RoslynAnalysisRunner static constructor.
RoslynAnalysisRunner will not be running.
RoslynAnalysisRunner has terminated.
Mono: successfully reloaded assembly
- Completed reload, in  0.897 seconds
Platform modules already initialized, skipping
Refreshing native plugins compatible for Editor in 0.29 ms, found 0 plugins.
Preloading 0 native plugins for Editor in 0.00 ms.
Unloading 1684 Unused Serialized files (Serialized files now loaded: 0)
System memory in use before: 83.9 MB.
System memory in use after: 84.0 MB.

Unloading 5 unused Assets to reduce memory usage. Loaded Objects now: 2177.
Total: 2.077500 ms (FindLiveObjects: 0.352100 ms CreateObjectMapping: 0.088900 ms MarkObjects: 1.619600 ms  DeleteObjects: 0.015800 ms)

========================================================================
Received Prepare
Registering precompiled user dll's ...
Registered in 0.000644 seconds.
Begin MonoManager ReloadAssembly
Native extension for WindowsStandalone target not found
Refreshing native plugins compatible for Editor in 0.42 ms, found 0 plugins.
Preloading 0 native plugins for Editor in 0.00 ms.
Invoked RoslynAnalysisRunner static constructor.
RoslynAnalysisRunner will not be running.
RoslynAnalysisRunner has terminated.
Mono: successfully reloaded assembly
- Completed reload, in  0.895 seconds
Platform modules already initialized, skipping
Refreshing native plugins compatible for Editor in 0.31 ms, found 0 plugins.
Preloading 0 native plugins for Editor in 0.00 ms.
Unloading 1684 Unused Serialized files (Serialized files now loaded: 0)
System memory in use before: 83.9 MB.
System memory in use after: 84.0 MB.

Unloading 5 unused Assets to reduce memory usage. Loaded Objects now: 2179.
Total: 2.123700 ms (FindLiveObjects: 0.206100 ms CreateObjectMapping: 0.040200 ms MarkObjects: 1.859700 ms  DeleteObjects: 0.016400 ms)

========================================================================
Received Prepare
Registering precompiled user dll's ...
Registered in 0.000768 seconds.
Begin MonoManager ReloadAssembly
Native extension for WindowsStandalone target not found
Refreshing native plugins compatible for Editor in 0.29 ms, found 0 plugins.
Preloading 0 native plugins for Editor in 0.00 ms.
Invoked RoslynAnalysisRunner static constructor.
RoslynAnalysisRunner will not be running.
RoslynAnalysisRunner has terminated.
Mono: successfully reloaded assembly
- Completed reload, in  0.907 seconds
Platform modules already initialized, skipping
Refreshing native plugins compatible for Editor in 0.29 ms, found 0 plugins.
Preloading 0 native plugins for Editor in 0.00 ms.
Unloading 1684 Unused Serialized files (Serialized files now loaded: 0)
System memory in use before: 83.9 MB.
System memory in use after: 84.0 MB.

Unloading 5 unused Assets to reduce memory usage. Loaded Objects now: 2181.
Total: 2.865000 ms (FindLiveObjects: 0.369300 ms CreateObjectMapping: 0.060400 ms MarkObjects: 2.400500 ms  DeleteObjects: 0.032900 ms)

========================================================================
Received Prepare
Registering precompiled user dll's ...
Registered in 0.000607 seconds.
Begin MonoManager ReloadAssembly
Native extension for WindowsStandalone target not found
Refreshing native plugins compatible for Editor in 0.31 ms, found 0 plugins.
Preloading 0 native plugins for Editor in 0.00 ms.
Invoked RoslynAnalysisRunner static constructor.
RoslynAnalysisRunner will not be running.
RoslynAnalysisRunner has terminated.
Mono: successfully reloaded assembly
- Completed reload, in  0.859 seconds
Platform modules already initialized, skipping
Refreshing native plugins compatible for Editor in 0.28 ms, found 0 plugins.
Preloading 0 native plugins for Editor in 0.00 ms.
Unloading 1684 Unused Serialized files (Serialized files now loaded: 0)
System memory in use before: 83.9 MB.
System memory in use after: 84.0 MB.

Unloading 5 unused Assets to reduce memory usage. Loaded Objects now: 2183.
Total: 2.224100 ms (FindLiveObjects: 0.298900 ms CreateObjectMapping: 0.046500 ms MarkObjects: 1.861000 ms  DeleteObjects: 0.016500 ms)

========================================================================
Received Prepare
Registering precompiled user dll's ...
Registered in 0.000834 seconds.
Begin MonoManager ReloadAssembly
Native extension for WindowsStandalone target not found
Refreshing native plugins compatible for Editor in 0.28 ms, found 0 plugins.
Preloading 0 native plugins for Editor in 0.00 ms.
Invoked RoslynAnalysisRunner static constructor.
RoslynAnalysisRunner will not be running.
RoslynAnalysisRunner has terminated.
Mono: successfully reloaded assembly
- Completed reload, in  0.861 seconds
Platform modules already initialized, skipping
Refreshing native plugins compatible for Editor in 0.29 ms, found 0 plugins.
Preloading 0 native plugins for Editor in 0.00 ms.
Unloading 1684 Unused Serialized files (Serialized files now loaded: 0)
System memory in use before: 83.9 MB.
System memory in use after: 84.0 MB.

Unloading 5 unused Assets to reduce memory usage. Loaded Objects now: 2185.
Total: 1.975200 ms (FindLiveObjects: 0.241100 ms CreateObjectMapping: 0.041300 ms MarkObjects: 1.674100 ms  DeleteObjects: 0.017800 ms)

========================================================================
Received Prepare
Registering precompiled user dll's ...
Registered in 0.000727 seconds.
Begin MonoManager ReloadAssembly
Native extension for WindowsStandalone target not found
Refreshing native plugins compatible for Editor in 0.31 ms, found 0 plugins.
Preloading 0 native plugins for Editor in 0.00 ms.
Invoked RoslynAnalysisRunner static constructor.
RoslynAnalysisRunner will not be running.
RoslynAnalysisRunner has terminated.
Mono: successfully reloaded assembly
- Completed reload, in  0.892 seconds
Platform modules already initialized, skipping
Refreshing native plugins compatible for Editor in 0.28 ms, found 0 plugins.
Preloading 0 native plugins for Editor in 0.00 ms.
Unloading 1684 Unused Serialized files (Serialized files now loaded: 0)
System memory in use before: 83.9 MB.
System memory in use after: 84.0 MB.

Unloading 5 unused Assets to reduce memory usage. Loaded Objects now: 2187.
Total: 1.988900 ms (FindLiveObjects: 0.230300 ms CreateObjectMapping: 0.040100 ms MarkObjects: 1.699100 ms  DeleteObjects: 0.018200 ms)

========================================================================
Received Prepare
Registering precompiled user dll's ...
Registered in 0.000694 seconds.
Begin MonoManager ReloadAssembly
Native extension for WindowsStandalone target not found
Refreshing native plugins compatible for Editor in 0.50 ms, found 0 plugins.
Preloading 0 native plugins for Editor in 0.00 ms.
Invoked RoslynAnalysisRunner static constructor.
RoslynAnalysisRunner will not be running.
RoslynAnalysisRunner has terminated.
Mono: successfully reloaded assembly
- Completed reload, in  0.893 seconds
Platform modules already initialized, skipping
Refreshing native plugins compatible for Editor in 0.42 ms, found 0 plugins.
Preloading 0 native plugins for Editor in 0.00 ms.
Unloading 1684 Unused Serialized files (Serialized files now loaded: 0)
System memory in use before: 83.9 MB.
System memory in use after: 84.0 MB.

Unloading 5 unused Assets to reduce memory usage. Loaded Objects now: 2189.
Total: 2.428500 ms (FindLiveObjects: 0.348500 ms CreateObjectMapping: 0.086800 ms MarkObjects: 1.971500 ms  DeleteObjects: 0.018800 ms)

========================================================================
Received Prepare
Registering precompiled user dll's ...
Registered in 0.000768 seconds.
Begin MonoManager ReloadAssembly
Native extension for WindowsStandalone target not found
Refreshing native plugins compatible for Editor in 0.37 ms, found 0 plugins.
Preloading 0 native plugins for Editor in 0.00 ms.
Invoked RoslynAnalysisRunner static constructor.
RoslynAnalysisRunner will not be running.
RoslynAnalysisRunner has terminated.
Mono: successfully reloaded assembly
- Completed reload, in  0.849 seconds
Platform modules already initialized, skipping
Refreshing native plugins compatible for Editor in 0.29 ms, found 0 plugins.
Preloading 0 native plugins for Editor in 0.00 ms.
Unloading 1684 Unused Serialized files (Serialized files now loaded: 0)
System memory in use before: 83.9 MB.
System memory in use after: 84.0 MB.

Unloading 5 unused Assets to reduce memory usage. Loaded Objects now: 2191.
Total: 1.994600 ms (FindLiveObjects: 0.227600 ms CreateObjectMapping: 0.041000 ms MarkObjects: 1.709900 ms  DeleteObjects: 0.014900 ms)

========================================================================
Received Prepare
Registering precompiled user dll's ...
Registered in 0.000734 seconds.
Begin MonoManager ReloadAssembly
Native extension for WindowsStandalone target not found
Refreshing native plugins compatible for Editor in 0.29 ms, found 0 plugins.
Preloading 0 native plugins for Editor in 0.00 ms.
Invoked RoslynAnalysisRunner static constructor.
RoslynAnalysisRunner will not be running.
RoslynAnalysisRunner has terminated.
Mono: successfully reloaded assembly
- Completed reload, in  0.870 seconds
Platform modules already initialized, skipping
Refreshing native plugins compatible for Editor in 0.29 ms, found 0 plugins.
Preloading 0 native plugins for Editor in 0.00 ms.
Unloading 1684 Unused Serialized files (Serialized files now loaded: 0)
System memory in use before: 83.9 MB.
System memory in use after: 84.0 MB.

Unloading 5 unused Assets to reduce memory usage. Loaded Objects now: 2193.
Total: 2.096900 ms (FindLiveObjects: 0.320600 ms CreateObjectMapping: 0.041600 ms MarkObjects: 1.719600 ms  DeleteObjects: 0.013900 ms)

========================================================================
Received Prepare
Registering precompiled user dll's ...
Registered in 0.000702 seconds.
Begin MonoManager ReloadAssembly
Native extension for WindowsStandalone target not found
Refreshing native plugins compatible for Editor in 0.29 ms, found 0 plugins.
Preloading 0 native plugins for Editor in 0.00 ms.
Invoked RoslynAnalysisRunner static constructor.
RoslynAnalysisRunner will not be running.
RoslynAnalysisRunner has terminated.
Mono: successfully reloaded assembly
- Completed reload, in  0.866 seconds
Platform modules already initialized, skipping
Refreshing native plugins compatible for Editor in 0.28 ms, found 0 plugins.
Preloading 0 native plugins for Editor in 0.00 ms.
Unloading 1684 Unused Serialized files (Serialized files now loaded: 0)
System memory in use before: 83.9 MB.
System memory in use after: 84.0 MB.

Unloading 5 unused Assets to reduce memory usage. Loaded Objects now: 2195.
Total: 1.804800 ms (FindLiveObjects: 0.194000 ms CreateObjectMapping: 0.039800 ms MarkObjects: 1.554900 ms  DeleteObjects: 0.015100 ms)

========================================================================
Received Prepare
Registering precompiled user dll's ...
Registered in 0.000616 seconds.
Begin MonoManager ReloadAssembly
Native extension for WindowsStandalone target not found
Refreshing native plugins compatible for Editor in 0.41 ms, found 0 plugins.
Preloading 0 native plugins for Editor in 0.00 ms.
Invoked RoslynAnalysisRunner static constructor.
RoslynAnalysisRunner will not be running.
RoslynAnalysisRunner has terminated.
Mono: successfully reloaded assembly
- Completed reload, in  0.870 seconds
Platform modules already initialized, skipping
Refreshing native plugins compatible for Editor in 0.30 ms, found 0 plugins.
Preloading 0 native plugins for Editor in 0.00 ms.
Unloading 1684 Unused Serialized files (Serialized files now loaded: 0)
System memory in use before: 83.9 MB.
System memory in use after: 84.0 MB.

Unloading 5 unused Assets to reduce memory usage. Loaded Objects now: 2197.
Total: 2.030000 ms (FindLiveObjects: 0.266800 ms CreateObjectMapping: 0.040400 ms MarkObjects: 1.704900 ms  DeleteObjects: 0.016900 ms)

========================================================================
Received Prepare
Registering precompiled user dll's ...
Registered in 0.000715 seconds.
Begin MonoManager ReloadAssembly
Native extension for WindowsStandalone target not found
Refreshing native plugins compatible for Editor in 0.29 ms, found 0 plugins.
Preloading 0 native plugins for Editor in 0.00 ms.
Invoked RoslynAnalysisRunner static constructor.
RoslynAnalysisRunner will not be running.
RoslynAnalysisRunner has terminated.
Mono: successfully reloaded assembly
- Completed reload, in  0.861 seconds
Platform modules already initialized, skipping
Refreshing native plugins compatible for Editor in 0.30 ms, found 0 plugins.
Preloading 0 native plugins for Editor in 0.00 ms.
Unloading 1684 Unused Serialized files (Serialized files now loaded: 0)
System memory in use before: 83.9 MB.
System memory in use after: 84.1 MB.

Unloading 5 unused Assets to reduce memory usage. Loaded Objects now: 2199.
Total: 1.929500 ms (FindLiveObjects: 0.241700 ms CreateObjectMapping: 0.039900 ms MarkObjects: 1.630000 ms  DeleteObjects: 0.016600 ms)

========================================================================
Received Prepare
Registering precompiled user dll's ...
Registered in 0.000614 seconds.
Begin MonoManager ReloadAssembly
Native extension for WindowsStandalone target not found
Refreshing native plugins compatible for Editor in 0.28 ms, found 0 plugins.
Preloading 0 native plugins for Editor in 0.00 ms.
Invoked RoslynAnalysisRunner static constructor.
RoslynAnalysisRunner will not be running.
RoslynAnalysisRunner has terminated.
Mono: successfully reloaded assembly
- Completed reload, in  0.855 seconds
Platform modules already initialized, skipping
Refreshing native plugins compatible for Editor in 0.29 ms, found 0 plugins.
Preloading 0 native plugins for Editor in 0.00 ms.
Unloading 1684 Unused Serialized files (Serialized files now loaded: 0)
System memory in use before: 84.0 MB.
System memory in use after: 84.1 MB.

Unloading 5 unused Assets to reduce memory usage. Loaded Objects now: 2201.
Total: 1.993000 ms (FindLiveObjects: 0.212400 ms CreateObjectMapping: 0.042500 ms MarkObjects: 1.723100 ms  DeleteObjects: 0.013900 ms)

========================================================================
Received Import Request.
  Time since last request: 2204.336973 seconds.
  path: Assets/Prefabs/PlaceHolder/TileSquare 1.prefab
  artifactKey: Guid(2da2852150077264cb69cd06c10807f2) Importer(815301076,1909f56bfc062723c751e8b465ee728b)
Start importing Assets/Prefabs/PlaceHolder/TileSquare 1.prefab using Guid(2da2852150077264cb69cd06c10807f2) Importer(815301076,1909f56bfc062723c751e8b465ee728b)  -> (artifact id: 'a02580abbefc38fc7dffd9bcb9a16daf') in 0.071671 seconds
  Import took 0.074316 seconds .

========================================================================
Received Import Request.
  Time since last request: 3.763629 seconds.
  path: Assets/Prefabs/PlaceHolder/TileSquareRounded.prefab
  artifactKey: Guid(2da2852150077264cb69cd06c10807f2) Importer(815301076,1909f56bfc062723c751e8b465ee728b)
Start importing Assets/Prefabs/PlaceHolder/TileSquareRounded.prefab using Guid(2da2852150077264cb69cd06c10807f2) Importer(815301076,1909f56bfc062723c751e8b465ee728b)  -> (artifact id: 'c59af8691635ff8c3497e00a79f6193f') in 0.013387 seconds
  Import took 0.016650 seconds .

========================================================================
Received Import Request.
  Time since last request: 3.093909 seconds.
  path: Assets/Prefabs/PlaceHolder/TileSquareRounded.prefab
  artifactKey: Guid(2da2852150077264cb69cd06c10807f2) Importer(815301076,1909f56bfc062723c751e8b465ee728b)
Start importing Assets/Prefabs/PlaceHolder/TileSquareRounded.prefab using Guid(2da2852150077264cb69cd06c10807f2) Importer(815301076,1909f56bfc062723c751e8b465ee728b)  -> (artifact id: '105e341490ba98dda68277a1e1054ee8') in 0.013106 seconds
  Import took 0.023847 seconds .

========================================================================
Received Import Request.
  Time since last request: 0.013323 seconds.
  path: Assets/Prefabs/PlaceHolder/TileSquareRounded.prefab
  artifactKey: Guid(2da2852150077264cb69cd06c10807f2) Importer(815301076,1909f56bfc062723c751e8b465ee728b)
Start importing Assets/Prefabs/PlaceHolder/TileSquareRounded.prefab using Guid(2da2852150077264cb69cd06c10807f2) Importer(815301076,1909f56bfc062723c751e8b465ee728b)  -> (artifact id: '105e341490ba98dda68277a1e1054ee8') in 0.007546 seconds
  Import took 0.010338 seconds .

========================================================================
Received Import Request.
  Time since last request: 6.200599 seconds.
  path: Assets/Prefabs/PlaceHolder/TileSquareRounded.prefab
  artifactKey: Guid(2da2852150077264cb69cd06c10807f2) Importer(815301076,1909f56bfc062723c751e8b465ee728b)
Start importing Assets/Prefabs/PlaceHolder/TileSquareRounded.prefab using Guid(2da2852150077264cb69cd06c10807f2) Importer(815301076,1909f56bfc062723c751e8b465ee728b)  -> (artifact id: 'a6ff8641f80a59d0d144611a79a7e69c') in 0.014573 seconds
  Import took 0.017441 seconds .

========================================================================
Received Import Request.
  Time since last request: 4.613842 seconds.
  path: Assets/Prefabs/PlaceHolder/TileSquareRounded.prefab
  artifactKey: Guid(2da2852150077264cb69cd06c10807f2) Importer(815301076,1909f56bfc062723c751e8b465ee728b)
Start importing Assets/Prefabs/PlaceHolder/TileSquareRounded.prefab using Guid(2da2852150077264cb69cd06c10807f2) Importer(815301076,1909f56bfc062723c751e8b465ee728b)  -> (artifact id: '14362d8ab9ca10bd2b882f6ecd104fb3') in 0.011727 seconds
  Import took 0.014739 seconds .

========================================================================
Received Import Request.
  Time since last request: 0.007290 seconds.
  path: Assets/Prefabs/PlaceHolder/TileSquareRounded.prefab
  artifactKey: Guid(2da2852150077264cb69cd06c10807f2) Importer(815301076,1909f56bfc062723c751e8b465ee728b)
Start importing Assets/Prefabs/PlaceHolder/TileSquareRounded.prefab using Guid(2da2852150077264cb69cd06c10807f2) Importer(815301076,1909f56bfc062723c751e8b465ee728b)  -> (artifact id: '14362d8ab9ca10bd2b882f6ecd104fb3') in 0.008380 seconds
  Import took 0.011265 seconds .

========================================================================
Received Import Request.
  Time since last request: 5.035761 seconds.
  path: Assets/Prefabs/PlaceHolder/TileSquareRounded.prefab
  artifactKey: Guid(2da2852150077264cb69cd06c10807f2) Importer(815301076,1909f56bfc062723c751e8b465ee728b)
Start importing Assets/Prefabs/PlaceHolder/TileSquareRounded.prefab using Guid(2da2852150077264cb69cd06c10807f2) Importer(815301076,1909f56bfc062723c751e8b465ee728b)  -> (artifact id: '344a8e9a03699368803b04bc4eb70bb7') in 0.014277 seconds
  Import took 0.017210 seconds .

========================================================================
Received Import Request.
  Time since last request: 0.019287 seconds.
  path: Assets/Prefabs/PlaceHolder/TileSquareRounded.prefab
  artifactKey: Guid(2da2852150077264cb69cd06c10807f2) Importer(815301076,1909f56bfc062723c751e8b465ee728b)
Start importing Assets/Prefabs/PlaceHolder/TileSquareRounded.prefab using Guid(2da2852150077264cb69cd06c10807f2) Importer(815301076,1909f56bfc062723c751e8b465ee728b)  -> (artifact id: '344a8e9a03699368803b04bc4eb70bb7') in 0.008289 seconds
  Import took 0.011297 seconds .

========================================================================
Received Import Request.
  Time since last request: 1.995937 seconds.
  path: Assets/Prefabs/PlaceHolder/TileSquareRounded.prefab
  artifactKey: Guid(2da2852150077264cb69cd06c10807f2) Importer(815301076,1909f56bfc062723c751e8b465ee728b)
Start importing Assets/Prefabs/PlaceHolder/TileSquareRounded.prefab using Guid(2da2852150077264cb69cd06c10807f2) Importer(815301076,1909f56bfc062723c751e8b465ee728b)  -> (artifact id: '4ac20fc96fc597b9d06a6d6cc6b2fb1f') in 0.008533 seconds
  Import took 0.011516 seconds .

========================================================================
Received Import Request.
  Time since last request: 0.004783 seconds.
  path: Assets/Prefabs/PlaceHolder/TileSquareRounded.prefab
  artifactKey: Guid(2da2852150077264cb69cd06c10807f2) Importer(815301076,1909f56bfc062723c751e8b465ee728b)
Start importing Assets/Prefabs/PlaceHolder/TileSquareRounded.prefab using Guid(2da2852150077264cb69cd06c10807f2) Importer(815301076,1909f56bfc062723c751e8b465ee728b)  -> (artifact id: '4ac20fc96fc597b9d06a6d6cc6b2fb1f') in 0.008636 seconds
  Import took 0.011547 seconds .

========================================================================
Received Prepare
Registering precompiled user dll's ...
Registered in 0.000661 seconds.
Begin MonoManager ReloadAssembly
Native extension for WindowsStandalone target not found
Refreshing native plugins compatible for Editor in 0.33 ms, found 0 plugins.
Preloading 0 native plugins for Editor in 0.00 ms.
Invoked RoslynAnalysisRunner static constructor.
RoslynAnalysisRunner will not be running.
RoslynAnalysisRunner has terminated.
Mono: successfully reloaded assembly
- Completed reload, in  0.889 seconds
Platform modules already initialized, skipping
Refreshing native plugins compatible for Editor in 0.29 ms, found 0 plugins.
Preloading 0 native plugins for Editor in 0.00 ms.
Unloading 1684 Unused Serialized files (Serialized files now loaded: 0)
System memory in use before: 84.0 MB.
System memory in use after: 84.1 MB.

Unloading 5 unused Assets to reduce memory usage. Loaded Objects now: 2207.
Total: 1.867500 ms (FindLiveObjects: 0.228500 ms CreateObjectMapping: 0.040500 ms MarkObjects: 1.582900 ms  DeleteObjects: 0.014600 ms)

========================================================================
Received Prepare
Registering precompiled user dll's ...
Registered in 0.000618 seconds.
Begin MonoManager ReloadAssembly
Native extension for WindowsStandalone target not found
Refreshing native plugins compatible for Editor in 0.29 ms, found 0 plugins.
Preloading 0 native plugins for Editor in 0.00 ms.
Invoked RoslynAnalysisRunner static constructor.
RoslynAnalysisRunner will not be running.
RoslynAnalysisRunner has terminated.
Mono: successfully reloaded assembly
- Completed reload, in  0.865 seconds
Platform modules already initialized, skipping
Refreshing native plugins compatible for Editor in 0.30 ms, found 0 plugins.
Preloading 0 native plugins for Editor in 0.00 ms.
Unloading 1684 Unused Serialized files (Serialized files now loaded: 0)
System memory in use before: 84.0 MB.
System memory in use after: 84.1 MB.

Unloading 5 unused Assets to reduce memory usage. Loaded Objects now: 2209.
Total: 2.089000 ms (FindLiveObjects: 0.282500 ms CreateObjectMapping: 0.041400 ms MarkObjects: 1.747600 ms  DeleteObjects: 0.015800 ms)

========================================================================
Received Prepare
Registering precompiled user dll's ...
Registered in 0.000593 seconds.
Begin MonoManager ReloadAssembly
Native extension for WindowsStandalone target not found
Refreshing native plugins compatible for Editor in 0.28 ms, found 0 plugins.
Preloading 0 native plugins for Editor in 0.00 ms.
Invoked RoslynAnalysisRunner static constructor.
RoslynAnalysisRunner will not be running.
RoslynAnalysisRunner has terminated.
Mono: successfully reloaded assembly
- Completed reload, in  0.864 seconds
Platform modules already initialized, skipping
Refreshing native plugins compatible for Editor in 0.29 ms, found 0 plugins.
Preloading 0 native plugins for Editor in 0.00 ms.
Unloading 1684 Unused Serialized files (Serialized files now loaded: 0)
System memory in use before: 84.0 MB.
System memory in use after: 84.1 MB.

Unloading 5 unused Assets to reduce memory usage. Loaded Objects now: 2211.
Total: 2.027600 ms (FindLiveObjects: 0.282400 ms CreateObjectMapping: 0.045800 ms MarkObjects: 1.682900 ms  DeleteObjects: 0.014300 ms)

========================================================================
Received Prepare
Registering precompiled user dll's ...
Registered in 0.000589 seconds.
Begin MonoManager ReloadAssembly
Native extension for WindowsStandalone target not found
Refreshing native plugins compatible for Editor in 0.37 ms, found 0 plugins.
Preloading 0 native plugins for Editor in 0.00 ms.
Invoked RoslynAnalysisRunner static constructor.
RoslynAnalysisRunner will not be running.
RoslynAnalysisRunner has terminated.
Mono: successfully reloaded assembly
- Completed reload, in  0.857 seconds
Platform modules already initialized, skipping
Refreshing native plugins compatible for Editor in 0.29 ms, found 0 plugins.
Preloading 0 native plugins for Editor in 0.00 ms.
Unloading 1684 Unused Serialized files (Serialized files now loaded: 0)
System memory in use before: 84.0 MB.
System memory in use after: 84.1 MB.

Unloading 5 unused Assets to reduce memory usage. Loaded Objects now: 2213.
Total: 2.035400 ms (FindLiveObjects: 0.317400 ms CreateObjectMapping: 0.052100 ms MarkObjects: 1.649900 ms  DeleteObjects: 0.014300 ms)

========================================================================
Received Prepare
Registering precompiled user dll's ...
Registered in 0.000603 seconds.
Begin MonoManager ReloadAssembly
Native extension for WindowsStandalone target not found
Refreshing native plugins compatible for Editor in 0.33 ms, found 0 plugins.
Preloading 0 native plugins for Editor in 0.00 ms.
Invoked RoslynAnalysisRunner static constructor.
RoslynAnalysisRunner will not be running.
RoslynAnalysisRunner has terminated.
Mono: successfully reloaded assembly
- Completed reload, in  0.856 seconds
Platform modules already initialized, skipping
Refreshing native plugins compatible for Editor in 0.29 ms, found 0 plugins.
Preloading 0 native plugins for Editor in 0.00 ms.
Unloading 1684 Unused Serialized files (Serialized files now loaded: 0)
System memory in use before: 84.0 MB.
System memory in use after: 84.2 MB.

Unloading 5 unused Assets to reduce memory usage. Loaded Objects now: 2215.
Total: 2.462300 ms (FindLiveObjects: 0.470200 ms CreateObjectMapping: 0.050500 ms MarkObjects: 1.922400 ms  DeleteObjects: 0.017000 ms)

========================================================================
Received Prepare
Registering precompiled user dll's ...
Registered in 0.000754 seconds.
Begin MonoManager ReloadAssembly
Native extension for WindowsStandalone target not found
Refreshing native plugins compatible for Editor in 0.29 ms, found 0 plugins.
Preloading 0 native plugins for Editor in 0.00 ms.
Invoked RoslynAnalysisRunner static constructor.
RoslynAnalysisRunner will not be running.
RoslynAnalysisRunner has terminated.
Mono: successfully reloaded assembly
- Completed reload, in  0.859 seconds
Platform modules already initialized, skipping
Refreshing native plugins compatible for Editor in 0.29 ms, found 0 plugins.
Preloading 0 native plugins for Editor in 0.00 ms.
Unloading 1684 Unused Serialized files (Serialized files now loaded: 0)
System memory in use before: 84.1 MB.
System memory in use after: 84.2 MB.

Unloading 5 unused Assets to reduce memory usage. Loaded Objects now: 2217.
Total: 2.121700 ms (FindLiveObjects: 0.357400 ms CreateObjectMapping: 0.091200 ms MarkObjects: 1.657200 ms  DeleteObjects: 0.014900 ms)

========================================================================
Received Prepare
Registering precompiled user dll's ...
Registered in 0.000728 seconds.
Begin MonoManager ReloadAssembly
Native extension for WindowsStandalone target not found
Refreshing native plugins compatible for Editor in 0.30 ms, found 0 plugins.
Preloading 0 native plugins for Editor in 0.00 ms.
Invoked RoslynAnalysisRunner static constructor.
RoslynAnalysisRunner will not be running.
RoslynAnalysisRunner has terminated.
Mono: successfully reloaded assembly
- Completed reload, in  0.888 seconds
Platform modules already initialized, skipping
Refreshing native plugins compatible for Editor in 0.28 ms, found 0 plugins.
Preloading 0 native plugins for Editor in 0.00 ms.
Unloading 1684 Unused Serialized files (Serialized files now loaded: 0)
System memory in use before: 84.1 MB.
System memory in use after: 84.2 MB.

Unloading 5 unused Assets to reduce memory usage. Loaded Objects now: 2219.
Total: 1.969100 ms (FindLiveObjects: 0.237300 ms CreateObjectMapping: 0.039800 ms MarkObjects: 1.672300 ms  DeleteObjects: 0.017900 ms)

========================================================================
Received Prepare
Registering precompiled user dll's ...
Registered in 0.000636 seconds.
Begin MonoManager ReloadAssembly
Native extension for WindowsStandalone target not found
Refreshing native plugins compatible for Editor in 0.29 ms, found 0 plugins.
Preloading 0 native plugins for Editor in 0.00 ms.
Invoked RoslynAnalysisRunner static constructor.
RoslynAnalysisRunner will not be running.
RoslynAnalysisRunner has terminated.
Mono: successfully reloaded assembly
- Completed reload, in  0.855 seconds
Platform modules already initialized, skipping
Refreshing native plugins compatible for Editor in 0.28 ms, found 0 plugins.
Preloading 0 native plugins for Editor in 0.00 ms.
Unloading 1684 Unused Serialized files (Serialized files now loaded: 0)
System memory in use before: 84.1 MB.
System memory in use after: 84.2 MB.

Unloading 5 unused Assets to reduce memory usage. Loaded Objects now: 2221.
Total: 2.008600 ms (FindLiveObjects: 0.272300 ms CreateObjectMapping: 0.041700 ms MarkObjects: 1.680000 ms  DeleteObjects: 0.013700 ms)

========================================================================
Received Import Request.
  Time since last request: 343.973189 seconds.
  path: Assets/Prefabs/PlaceHolder/Saw.prefab
  artifactKey: Guid(a55289a4aa08b0a42abe2bbc0f51d186) Importer(815301076,1909f56bfc062723c751e8b465ee728b)
Start importing Assets/Prefabs/PlaceHolder/Saw.prefab using Guid(a55289a4aa08b0a42abe2bbc0f51d186) Importer(815301076,1909f56bfc062723c751e8b465ee728b)  -> (artifact id: 'f3455bbcb024d2bc1a5466e8ca19d520') in 0.063539 seconds
  Import took 0.066542 seconds .

========================================================================
Received Import Request.
  Time since last request: 1.789163 seconds.
  path: Assets/Prefabs/PlaceHolder/Saw.prefab
  artifactKey: Guid(a55289a4aa08b0a42abe2bbc0f51d186) Importer(815301076,1909f56bfc062723c751e8b465ee728b)
Start importing Assets/Prefabs/PlaceHolder/Saw.prefab using Guid(a55289a4aa08b0a42abe2bbc0f51d186) Importer(815301076,1909f56bfc062723c751e8b465ee728b)  -> (artifact id: 'ba2065f4df495d1c2e6722adae6da030') in 0.013428 seconds
  Import took 0.016408 seconds .

========================================================================
Received Import Request.
  Time since last request: 0.006028 seconds.
  path: Assets/Prefabs/PlaceHolder/Saw.prefab
  artifactKey: Guid(a55289a4aa08b0a42abe2bbc0f51d186) Importer(815301076,1909f56bfc062723c751e8b465ee728b)
Start importing Assets/Prefabs/PlaceHolder/Saw.prefab using Guid(a55289a4aa08b0a42abe2bbc0f51d186) Importer(815301076,1909f56bfc062723c751e8b465ee728b)  -> (artifact id: 'ba2065f4df495d1c2e6722adae6da030') in 0.009248 seconds
  Import took 0.012518 seconds .

========================================================================
Received Import Request.
  Time since last request: 3.181317 seconds.
  path: Assets/Prefabs/PlaceHolder/Saw.prefab
  artifactKey: Guid(a55289a4aa08b0a42abe2bbc0f51d186) Importer(815301076,1909f56bfc062723c751e8b465ee728b)
Start importing Assets/Prefabs/PlaceHolder/Saw.prefab using Guid(a55289a4aa08b0a42abe2bbc0f51d186) Importer(815301076,1909f56bfc062723c751e8b465ee728b)  -> (artifact id: '1eb657e813d6079c2b2053a19b52ba38') in 0.013416 seconds
  Import took 0.016400 seconds .

========================================================================
Received Import Request.
  Time since last request: 0.007019 seconds.
  path: Assets/Prefabs/PlaceHolder/Saw.prefab
  artifactKey: Guid(a55289a4aa08b0a42abe2bbc0f51d186) Importer(815301076,1909f56bfc062723c751e8b465ee728b)
Start importing Assets/Prefabs/PlaceHolder/Saw.prefab using Guid(a55289a4aa08b0a42abe2bbc0f51d186) Importer(815301076,1909f56bfc062723c751e8b465ee728b)  -> (artifact id: '1eb657e813d6079c2b2053a19b52ba38') in 0.009311 seconds
  Import took 0.012741 seconds .

========================================================================
Received Import Request.
  Time since last request: 6.222763 seconds.
  path: Assets/Prefabs/PlaceHolder/Saw.prefab
  artifactKey: Guid(a55289a4aa08b0a42abe2bbc0f51d186) Importer(815301076,1909f56bfc062723c751e8b465ee728b)
Start importing Assets/Prefabs/PlaceHolder/Saw.prefab using Guid(a55289a4aa08b0a42abe2bbc0f51d186) Importer(815301076,1909f56bfc062723c751e8b465ee728b)  -> (artifact id: 'b2a167fa93d35a307dbf003cf1aca6ed') in 0.013991 seconds
  Import took 0.016852 seconds .

========================================================================
Received Import Request.
  Time since last request: 0.001497 seconds.
  path: Assets/Prefabs/PlaceHolder/Saw.prefab
  artifactKey: Guid(a55289a4aa08b0a42abe2bbc0f51d186) Importer(815301076,1909f56bfc062723c751e8b465ee728b)
Start importing Assets/Prefabs/PlaceHolder/Saw.prefab using Guid(a55289a4aa08b0a42abe2bbc0f51d186) Importer(815301076,1909f56bfc062723c751e8b465ee728b)  -> (artifact id: 'b2a167fa93d35a307dbf003cf1aca6ed') in 0.011236 seconds
  Import took 0.014134 seconds .

========================================================================
Received Import Request.
  Time since last request: 4.600779 seconds.
  path: Assets/Prefabs/PlaceHolder/Saw.prefab
  artifactKey: Guid(a55289a4aa08b0a42abe2bbc0f51d186) Importer(815301076,1909f56bfc062723c751e8b465ee728b)
Start importing Assets/Prefabs/PlaceHolder/Saw.prefab using Guid(a55289a4aa08b0a42abe2bbc0f51d186) Importer(815301076,1909f56bfc062723c751e8b465ee728b)  -> (artifact id: '5b40f2621d97be02c933f233e47ceb63') in 0.015695 seconds
  Import took 0.028389 seconds .

========================================================================
Received Prepare
Registering precompiled user dll's ...
Registered in 0.000628 seconds.
Begin MonoManager ReloadAssembly
Native extension for WindowsStandalone target not found
Refreshing native plugins compatible for Editor in 0.42 ms, found 0 plugins.
Preloading 0 native plugins for Editor in 0.00 ms.
Invoked RoslynAnalysisRunner static constructor.
RoslynAnalysisRunner will not be running.
RoslynAnalysisRunner has terminated.
Mono: successfully reloaded assembly
- Completed reload, in  0.912 seconds
Platform modules already initialized, skipping
Refreshing native plugins compatible for Editor in 0.30 ms, found 0 plugins.
Preloading 0 native plugins for Editor in 0.00 ms.
Unloading 1684 Unused Serialized files (Serialized files now loaded: 0)
System memory in use before: 84.0 MB.
System memory in use after: 84.1 MB.

Unloading 5 unused Assets to reduce memory usage. Loaded Objects now: 2224.
Total: 1.878200 ms (FindLiveObjects: 0.203400 ms CreateObjectMapping: 0.041500 ms MarkObjects: 1.616400 ms  DeleteObjects: 0.016000 ms)

========================================================================
Received Prepare
Registering precompiled user dll's ...
Registered in 0.000887 seconds.
Begin MonoManager ReloadAssembly
Native extension for WindowsStandalone target not found
Refreshing native plugins compatible for Editor in 0.30 ms, found 0 plugins.
Preloading 0 native plugins for Editor in 0.00 ms.
Invoked RoslynAnalysisRunner static constructor.
RoslynAnalysisRunner will not be running.
RoslynAnalysisRunner has terminated.
Mono: successfully reloaded assembly
- Completed reload, in  0.872 seconds
Platform modules already initialized, skipping
Refreshing native plugins compatible for Editor in 0.28 ms, found 0 plugins.
Preloading 0 native plugins for Editor in 0.00 ms.
Unloading 1684 Unused Serialized files (Serialized files now loaded: 0)
System memory in use before: 84.0 MB.
System memory in use after: 84.2 MB.

Unloading 5 unused Assets to reduce memory usage. Loaded Objects now: 2226.
Total: 1.793600 ms (FindLiveObjects: 0.203900 ms CreateObjectMapping: 0.048200 ms MarkObjects: 1.527900 ms  DeleteObjects: 0.012700 ms)

========================================================================
Received Import Request.
  Time since last request: 234.580857 seconds.
  path: Assets/Prefabs/PlaceHolder/Rail.prefab
  artifactKey: Guid(4ebbe170883a5dc4eab39f472170eb89) Importer(815301076,1909f56bfc062723c751e8b465ee728b)
Start importing Assets/Prefabs/PlaceHolder/Rail.prefab using Guid(4ebbe170883a5dc4eab39f472170eb89) Importer(815301076,1909f56bfc062723c751e8b465ee728b)  -> (artifact id: 'b4eaeb1ab7cc9f9fcb70f0970f3fb1d3') in 0.030575 seconds
  Import took 0.033261 seconds .

========================================================================
Received Prepare
Registering precompiled user dll's ...
Registered in 0.000765 seconds.
Begin MonoManager ReloadAssembly
Native extension for WindowsStandalone target not found
Refreshing native plugins compatible for Editor in 0.29 ms, found 0 plugins.
Preloading 0 native plugins for Editor in 0.00 ms.
Invoked RoslynAnalysisRunner static constructor.
RoslynAnalysisRunner will not be running.
RoslynAnalysisRunner has terminated.
Mono: successfully reloaded assembly
- Completed reload, in  0.886 seconds
Platform modules already initialized, skipping
Refreshing native plugins compatible for Editor in 0.28 ms, found 0 plugins.
Preloading 0 native plugins for Editor in 0.00 ms.
Unloading 1684 Unused Serialized files (Serialized files now loaded: 0)
System memory in use before: 84.1 MB.
System memory in use after: 84.2 MB.

Unloading 5 unused Assets to reduce memory usage. Loaded Objects now: 2228.
Total: 1.878000 ms (FindLiveObjects: 0.199100 ms CreateObjectMapping: 0.039900 ms MarkObjects: 1.622200 ms  DeleteObjects: 0.015700 ms)

========================================================================
Received Prepare
Registering precompiled user dll's ...
Registered in 0.000756 seconds.
Begin MonoManager ReloadAssembly
Native extension for WindowsStandalone target not found
Refreshing native plugins compatible for Editor in 0.39 ms, found 0 plugins.
Preloading 0 native plugins for Editor in 0.00 ms.
Invoked RoslynAnalysisRunner static constructor.
RoslynAnalysisRunner will not be running.
RoslynAnalysisRunner has terminated.
Mono: successfully reloaded assembly
- Completed reload, in  0.939 seconds
Platform modules already initialized, skipping
Refreshing native plugins compatible for Editor in 0.34 ms, found 0 plugins.
Preloading 0 native plugins for Editor in 0.00 ms.
Unloading 1684 Unused Serialized files (Serialized files now loaded: 0)
System memory in use before: 84.1 MB.
System memory in use after: 84.2 MB.

Unloading 5 unused Assets to reduce memory usage. Loaded Objects now: 2230.
Total: 2.110100 ms (FindLiveObjects: 0.306900 ms CreateObjectMapping: 0.043100 ms MarkObjects: 1.736200 ms  DeleteObjects: 0.021900 ms)

========================================================================
Received Prepare
Registering precompiled user dll's ...
Registered in 0.000767 seconds.
Begin MonoManager ReloadAssembly
Native extension for WindowsStandalone target not found
Refreshing native plugins compatible for Editor in 0.37 ms, found 0 plugins.
Preloading 0 native plugins for Editor in 0.00 ms.
Invoked RoslynAnalysisRunner static constructor.
RoslynAnalysisRunner will not be running.
RoslynAnalysisRunner has terminated.
Mono: successfully reloaded assembly
- Completed reload, in  0.963 seconds
Platform modules already initialized, skipping
Refreshing native plugins compatible for Editor in 0.54 ms, found 0 plugins.
Preloading 0 native plugins for Editor in 0.00 ms.
Unloading 1684 Unused Serialized files (Serialized files now loaded: 0)
System memory in use before: 84.1 MB.
System memory in use after: 84.2 MB.

Unloading 5 unused Assets to reduce memory usage. Loaded Objects now: 2232.
Total: 2.752500 ms (FindLiveObjects: 0.466300 ms CreateObjectMapping: 0.052200 ms MarkObjects: 2.200600 ms  DeleteObjects: 0.030300 ms)

========================================================================
Received Prepare
Registering precompiled user dll's ...
Registered in 0.000672 seconds.
Begin MonoManager ReloadAssembly
Native extension for WindowsStandalone target not found
Refreshing native plugins compatible for Editor in 0.28 ms, found 0 plugins.
Preloading 0 native plugins for Editor in 0.00 ms.
Invoked RoslynAnalysisRunner static constructor.
RoslynAnalysisRunner will not be running.
RoslynAnalysisRunner has terminated.
Mono: successfully reloaded assembly
- Completed reload, in  0.938 seconds
Platform modules already initialized, skipping
Refreshing native plugins compatible for Editor in 0.32 ms, found 0 plugins.
Preloading 0 native plugins for Editor in 0.00 ms.
Unloading 1684 Unused Serialized files (Serialized files now loaded: 0)
System memory in use before: 84.1 MB.
System memory in use after: 84.2 MB.

Unloading 5 unused Assets to reduce memory usage. Loaded Objects now: 2234.
Total: 2.588700 ms (FindLiveObjects: 0.401000 ms CreateObjectMapping: 0.046800 ms MarkObjects: 2.118100 ms  DeleteObjects: 0.021100 ms)

========================================================================
Received Prepare
Registering precompiled user dll's ...
Registered in 0.000627 seconds.
Begin MonoManager ReloadAssembly
Native extension for WindowsStandalone target not found
Refreshing native plugins compatible for Editor in 0.36 ms, found 0 plugins.
Preloading 0 native plugins for Editor in 0.00 ms.
Invoked RoslynAnalysisRunner static constructor.
RoslynAnalysisRunner will not be running.
RoslynAnalysisRunner has terminated.
Mono: successfully reloaded assembly
- Completed reload, in  0.905 seconds
Platform modules already initialized, skipping
Refreshing native plugins compatible for Editor in 0.39 ms, found 0 plugins.
Preloading 0 native plugins for Editor in 0.00 ms.
Unloading 1684 Unused Serialized files (Serialized files now loaded: 0)
System memory in use before: 84.1 MB.
System memory in use after: 84.2 MB.

Unloading 5 unused Assets to reduce memory usage. Loaded Objects now: 2236.
Total: 2.259100 ms (FindLiveObjects: 0.294800 ms CreateObjectMapping: 0.042000 ms MarkObjects: 1.898600 ms  DeleteObjects: 0.022400 ms)

========================================================================
Received Prepare
Registering precompiled user dll's ...
Registered in 0.000997 seconds.
Begin MonoManager ReloadAssembly
Native extension for WindowsStandalone target not found
Refreshing native plugins compatible for Editor in 0.38 ms, found 0 plugins.
Preloading 0 native plugins for Editor in 0.00 ms.
Invoked RoslynAnalysisRunner static constructor.
RoslynAnalysisRunner will not be running.
RoslynAnalysisRunner has terminated.
Mono: successfully reloaded assembly
- Completed reload, in  0.930 seconds
Platform modules already initialized, skipping
Refreshing native plugins compatible for Editor in 0.32 ms, found 0 plugins.
Preloading 0 native plugins for Editor in 0.00 ms.
Unloading 1684 Unused Serialized files (Serialized files now loaded: 0)
System memory in use before: 84.1 MB.
System memory in use after: 84.2 MB.

Unloading 5 unused Assets to reduce memory usage. Loaded Objects now: 2238.
Total: 2.294900 ms (FindLiveObjects: 0.389900 ms CreateObjectMapping: 0.060900 ms MarkObjects: 1.823600 ms  DeleteObjects: 0.018900 ms)

========================================================================
Received Prepare
Registering precompiled user dll's ...
Registered in 0.000718 seconds.
Begin MonoManager ReloadAssembly
Native extension for WindowsStandalone target not found
Refreshing native plugins compatible for Editor in 0.53 ms, found 0 plugins.
Preloading 0 native plugins for Editor in 0.00 ms.
Invoked RoslynAnalysisRunner static constructor.
RoslynAnalysisRunner will not be running.
RoslynAnalysisRunner has terminated.
Mono: successfully reloaded assembly
- Completed reload, in  0.959 seconds
Platform modules already initialized, skipping
Refreshing native plugins compatible for Editor in 0.41 ms, found 0 plugins.
Preloading 0 native plugins for Editor in 0.00 ms.
Unloading 1684 Unused Serialized files (Serialized files now loaded: 0)
System memory in use before: 84.1 MB.
System memory in use after: 84.2 MB.

Unloading 5 unused Assets to reduce memory usage. Loaded Objects now: 2240.
Total: 2.158200 ms (FindLiveObjects: 0.343500 ms CreateObjectMapping: 0.054200 ms MarkObjects: 1.743400 ms  DeleteObjects: 0.014800 ms)

========================================================================
Received Prepare
Registering precompiled user dll's ...
Registered in 0.001057 seconds.
Begin MonoManager ReloadAssembly
Native extension for WindowsStandalone target not found
Refreshing native plugins compatible for Editor in 0.44 ms, found 0 plugins.
Preloading 0 native plugins for Editor in 0.00 ms.
Invoked RoslynAnalysisRunner static constructor.
RoslynAnalysisRunner will not be running.
RoslynAnalysisRunner has terminated.
Mono: successfully reloaded assembly
- Completed reload, in  1.344 seconds
Platform modules already initialized, skipping
Refreshing native plugins compatible for Editor in 0.33 ms, found 0 plugins.
Preloading 0 native plugins for Editor in 0.00 ms.
Unloading 1684 Unused Serialized files (Serialized files now loaded: 0)
System memory in use before: 84.1 MB.
System memory in use after: 84.2 MB.

Unloading 5 unused Assets to reduce memory usage. Loaded Objects now: 2242.
Total: 4.253200 ms (FindLiveObjects: 0.443600 ms CreateObjectMapping: 0.070100 ms MarkObjects: 3.711900 ms  DeleteObjects: 0.025400 ms)

========================================================================
Received Prepare
Registering precompiled user dll's ...
Registered in 0.000613 seconds.
Begin MonoManager ReloadAssembly
Native extension for WindowsStandalone target not found
Refreshing native plugins compatible for Editor in 0.52 ms, found 0 plugins.
Preloading 0 native plugins for Editor in 0.00 ms.
Invoked RoslynAnalysisRunner static constructor.
RoslynAnalysisRunner will not be running.
RoslynAnalysisRunner has terminated.
Mono: successfully reloaded assembly
- Completed reload, in  0.980 seconds
Platform modules already initialized, skipping
Refreshing native plugins compatible for Editor in 0.36 ms, found 0 plugins.
Preloading 0 native plugins for Editor in 0.00 ms.
Unloading 1684 Unused Serialized files (Serialized files now loaded: 0)
System memory in use before: 84.1 MB.
System memory in use after: 84.2 MB.

Unloading 5 unused Assets to reduce memory usage. Loaded Objects now: 2244.
Total: 1.926700 ms (FindLiveObjects: 0.239400 ms CreateObjectMapping: 0.040800 ms MarkObjects: 1.630100 ms  DeleteObjects: 0.014900 ms)

========================================================================
Received Prepare
Registering precompiled user dll's ...
Registered in 0.000879 seconds.
Begin MonoManager ReloadAssembly
Native extension for WindowsStandalone target not found
Refreshing native plugins compatible for Editor in 0.52 ms, found 0 plugins.
Preloading 0 native plugins for Editor in 0.00 ms.
Invoked RoslynAnalysisRunner static constructor.
RoslynAnalysisRunner will not be running.
RoslynAnalysisRunner has terminated.
Mono: successfully reloaded assembly
- Completed reload, in  1.213 seconds
Platform modules already initialized, skipping
Refreshing native plugins compatible for Editor in 0.40 ms, found 0 plugins.
Preloading 0 native plugins for Editor in 0.00 ms.
Unloading 1684 Unused Serialized files (Serialized files now loaded: 0)
System memory in use before: 84.1 MB.
System memory in use after: 84.2 MB.

Unloading 5 unused Assets to reduce memory usage. Loaded Objects now: 2246.
Total: 3.114300 ms (FindLiveObjects: 0.666100 ms CreateObjectMapping: 0.069900 ms MarkObjects: 2.358200 ms  DeleteObjects: 0.018600 ms)

========================================================================
Received Prepare
Registering precompiled user dll's ...
Registered in 0.001492 seconds.
Begin MonoManager ReloadAssembly
Native extension for WindowsStandalone target not found
Refreshing native plugins compatible for Editor in 0.29 ms, found 0 plugins.
Preloading 0 native plugins for Editor in 0.00 ms.
Invoked RoslynAnalysisRunner static constructor.
RoslynAnalysisRunner will not be running.
RoslynAnalysisRunner has terminated.
Mono: successfully reloaded assembly
- Completed reload, in  0.900 seconds
Platform modules already initialized, skipping
Refreshing native plugins compatible for Editor in 0.31 ms, found 0 plugins.
Preloading 0 native plugins for Editor in 0.00 ms.
Unloading 1684 Unused Serialized files (Serialized files now loaded: 0)
System memory in use before: 84.1 MB.
System memory in use after: 84.2 MB.

Unloading 5 unused Assets to reduce memory usage. Loaded Objects now: 2248.
Total: 1.912100 ms (FindLiveObjects: 0.221400 ms CreateObjectMapping: 0.041900 ms MarkObjects: 1.633700 ms  DeleteObjects: 0.014000 ms)

========================================================================
Received Prepare
Registering precompiled user dll's ...
Registered in 0.000784 seconds.
Begin MonoManager ReloadAssembly
Native extension for WindowsStandalone target not found
Refreshing native plugins compatible for Editor in 0.32 ms, found 0 plugins.
Preloading 0 native plugins for Editor in 0.00 ms.
Invoked RoslynAnalysisRunner static constructor.
RoslynAnalysisRunner will not be running.
RoslynAnalysisRunner has terminated.
Mono: successfully reloaded assembly
- Completed reload, in  0.850 seconds
Platform modules already initialized, skipping
Refreshing native plugins compatible for Editor in 0.28 ms, found 0 plugins.
Preloading 0 native plugins for Editor in 0.00 ms.
Unloading 1684 Unused Serialized files (Serialized files now loaded: 0)
System memory in use before: 84.1 MB.
System memory in use after: 84.2 MB.

Unloading 5 unused Assets to reduce memory usage. Loaded Objects now: 2250.
Total: 1.904100 ms (FindLiveObjects: 0.270600 ms CreateObjectMapping: 0.040700 ms MarkObjects: 1.573200 ms  DeleteObjects: 0.016700 ms)

========================================================================
Received Prepare
Registering precompiled user dll's ...
Registered in 0.000795 seconds.
Begin MonoManager ReloadAssembly
Native extension for WindowsStandalone target not found
Refreshing native plugins compatible for Editor in 0.36 ms, found 0 plugins.
Preloading 0 native plugins for Editor in 0.00 ms.
Invoked RoslynAnalysisRunner static constructor.
RoslynAnalysisRunner will not be running.
RoslynAnalysisRunner has terminated.
Mono: successfully reloaded assembly
- Completed reload, in  0.867 seconds
Platform modules already initialized, skipping
Refreshing native plugins compatible for Editor in 0.30 ms, found 0 plugins.
Preloading 0 native plugins for Editor in 0.00 ms.
Unloading 1684 Unused Serialized files (Serialized files now loaded: 0)
System memory in use before: 84.1 MB.
System memory in use after: 84.2 MB.

Unloading 5 unused Assets to reduce memory usage. Loaded Objects now: 2252.
Total: 2.656400 ms (FindLiveObjects: 0.249000 ms CreateObjectMapping: 0.043500 ms MarkObjects: 2.341400 ms  DeleteObjects: 0.020900 ms)

========================================================================
Received Prepare
Registering precompiled user dll's ...
Registered in 0.000659 seconds.
Begin MonoManager ReloadAssembly
Native extension for WindowsStandalone target not found
Refreshing native plugins compatible for Editor in 0.29 ms, found 0 plugins.
Preloading 0 native plugins for Editor in 0.00 ms.
Invoked RoslynAnalysisRunner static constructor.
RoslynAnalysisRunner will not be running.
RoslynAnalysisRunner has terminated.
Mono: successfully reloaded assembly
- Completed reload, in  0.848 seconds
Platform modules already initialized, skipping
Refreshing native plugins compatible for Editor in 0.36 ms, found 0 plugins.
Preloading 0 native plugins for Editor in 0.00 ms.
Unloading 1684 Unused Serialized files (Serialized files now loaded: 0)
System memory in use before: 84.1 MB.
System memory in use after: 84.2 MB.

Unloading 5 unused Assets to reduce memory usage. Loaded Objects now: 2254.
Total: 2.123600 ms (FindLiveObjects: 0.320900 ms CreateObjectMapping: 0.047000 ms MarkObjects: 1.739000 ms  DeleteObjects: 0.015100 ms)

========================================================================
Received Prepare
Registering precompiled user dll's ...
Registered in 0.000728 seconds.
Begin MonoManager ReloadAssembly
Native extension for WindowsStandalone target not found
Refreshing native plugins compatible for Editor in 0.29 ms, found 0 plugins.
Preloading 0 native plugins for Editor in 0.00 ms.
Invoked RoslynAnalysisRunner static constructor.
RoslynAnalysisRunner will not be running.
RoslynAnalysisRunner has terminated.
Mono: successfully reloaded assembly
- Completed reload, in  0.887 seconds
Platform modules already initialized, skipping
Refreshing native plugins compatible for Editor in 0.28 ms, found 0 plugins.
Preloading 0 native plugins for Editor in 0.00 ms.
Unloading 1684 Unused Serialized files (Serialized files now loaded: 0)
System memory in use before: 84.1 MB.
System memory in use after: 84.2 MB.

Unloading 5 unused Assets to reduce memory usage. Loaded Objects now: 2256.
Total: 1.879100 ms (FindLiveObjects: 0.217100 ms CreateObjectMapping: 0.039600 ms MarkObjects: 1.605200 ms  DeleteObjects: 0.015800 ms)

========================================================================
Received Prepare
Registering precompiled user dll's ...
Registered in 0.001007 seconds.
Begin MonoManager ReloadAssembly
Native extension for WindowsStandalone target not found
Refreshing native plugins compatible for Editor in 0.39 ms, found 0 plugins.
Preloading 0 native plugins for Editor in 0.00 ms.
Invoked RoslynAnalysisRunner static constructor.
RoslynAnalysisRunner will not be running.
RoslynAnalysisRunner has terminated.
Mono: successfully reloaded assembly
- Completed reload, in  1.231 seconds
Platform modules already initialized, skipping
Refreshing native plugins compatible for Editor in 0.47 ms, found 0 plugins.
Preloading 0 native plugins for Editor in 0.00 ms.
Unloading 1684 Unused Serialized files (Serialized files now loaded: 0)
System memory in use before: 84.1 MB.
System memory in use after: 84.2 MB.

Unloading 5 unused Assets to reduce memory usage. Loaded Objects now: 2258.
Total: 4.030200 ms (FindLiveObjects: 0.407100 ms CreateObjectMapping: 0.068500 ms MarkObjects: 3.517500 ms  DeleteObjects: 0.034900 ms)

========================================================================
Received Prepare
Registering precompiled user dll's ...
Registered in 0.000963 seconds.
Begin MonoManager ReloadAssembly
Native extension for WindowsStandalone target not found
Refreshing native plugins compatible for Editor in 0.29 ms, found 0 plugins.
Preloading 0 native plugins for Editor in 0.00 ms.
Invoked RoslynAnalysisRunner static constructor.
RoslynAnalysisRunner will not be running.
RoslynAnalysisRunner has terminated.
Mono: successfully reloaded assembly
- Completed reload, in  1.036 seconds
Platform modules already initialized, skipping
Refreshing native plugins compatible for Editor in 0.29 ms, found 0 plugins.
Preloading 0 native plugins for Editor in 0.00 ms.
Unloading 1684 Unused Serialized files (Serialized files now loaded: 0)
System memory in use before: 84.1 MB.
System memory in use after: 84.2 MB.

Unloading 5 unused Assets to reduce memory usage. Loaded Objects now: 2260.
Total: 1.764300 ms (FindLiveObjects: 0.210800 ms CreateObjectMapping: 0.039300 ms MarkObjects: 1.499900 ms  DeleteObjects: 0.013500 ms)

========================================================================
Received Prepare
Registering precompiled user dll's ...
Registered in 0.000703 seconds.
Begin MonoManager ReloadAssembly
Native extension for WindowsStandalone target not found
Refreshing native plugins compatible for Editor in 0.32 ms, found 0 plugins.
Preloading 0 native plugins for Editor in 0.00 ms.
Invoked RoslynAnalysisRunner static constructor.
RoslynAnalysisRunner will not be running.
RoslynAnalysisRunner has terminated.
Mono: successfully reloaded assembly
- Completed reload, in  0.908 seconds
Platform modules already initialized, skipping
Refreshing native plugins compatible for Editor in 0.31 ms, found 0 plugins.
Preloading 0 native plugins for Editor in 0.00 ms.
Unloading 1684 Unused Serialized files (Serialized files now loaded: 0)
System memory in use before: 84.2 MB.
System memory in use after: 84.3 MB.

Unloading 5 unused Assets to reduce memory usage. Loaded Objects now: 2262.
Total: 2.155700 ms (FindLiveObjects: 0.294500 ms CreateObjectMapping: 0.043500 ms MarkObjects: 1.798000 ms  DeleteObjects: 0.018200 ms)

========================================================================
Received Prepare
Registering precompiled user dll's ...
Registered in 0.001334 seconds.
Begin MonoManager ReloadAssembly
Native extension for WindowsStandalone target not found
Refreshing native plugins compatible for Editor in 0.35 ms, found 0 plugins.
Preloading 0 native plugins for Editor in 0.00 ms.
Invoked RoslynAnalysisRunner static constructor.
RoslynAnalysisRunner will not be running.
RoslynAnalysisRunner has terminated.
Mono: successfully reloaded assembly
- Completed reload, in  0.902 seconds
Platform modules already initialized, skipping
Refreshing native plugins compatible for Editor in 0.28 ms, found 0 plugins.
Preloading 0 native plugins for Editor in 0.00 ms.
Unloading 1684 Unused Serialized files (Serialized files now loaded: 0)
System memory in use before: 84.2 MB.
System memory in use after: 84.4 MB.

Unloading 5 unused Assets to reduce memory usage. Loaded Objects now: 2264.
Total: 1.800300 ms (FindLiveObjects: 0.212100 ms CreateObjectMapping: 0.039400 ms MarkObjects: 1.532800 ms  DeleteObjects: 0.014800 ms)

========================================================================
Received Prepare
Registering precompiled user dll's ...
Registered in 0.000977 seconds.
Begin MonoManager ReloadAssembly
Native extension for WindowsStandalone target not found
Refreshing native plugins compatible for Editor in 0.30 ms, found 0 plugins.
Preloading 0 native plugins for Editor in 0.00 ms.
Invoked RoslynAnalysisRunner static constructor.
RoslynAnalysisRunner will not be running.
RoslynAnalysisRunner has terminated.
Mono: successfully reloaded assembly
- Completed reload, in  5.614 seconds
Platform modules already initialized, skipping
Refreshing native plugins compatible for Editor in 0.31 ms, found 0 plugins.
Preloading 0 native plugins for Editor in 0.00 ms.
Unloading 1684 Unused Serialized files (Serialized files now loaded: 0)
System memory in use before: 84.3 MB.
System memory in use after: 84.4 MB.

Unloading 5 unused Assets to reduce memory usage. Loaded Objects now: 2266.
Total: 2.106500 ms (FindLiveObjects: 0.234400 ms CreateObjectMapping: 0.053900 ms MarkObjects: 1.791500 ms  DeleteObjects: 0.025800 ms)

AssetImportWorkerClient::OnTransportError - code=2 error=End of file
